2023-09-11 22:47:38,462 - cimage.common.logger - ERROR - Error clearing session: 'RedisClient' object has no attribute 'exists'
2023-09-12 00:43:55,874 - cimage.common.logger - ERROR - Error capturing screenshot: cookies[0].value: expected string, got object
2023-09-12 00:58:20,417 - cimage.common.logger - ERROR - Error capturing screenshot: WebKit encountered an internal error
=========================== logs ===========================
navigating to "http://localhost:5000/", waiting until "load"
============================================================
2023-09-12 14:15:15,502 - cimage.common.logger - INFO - Code saved successfully
2023-09-12 15:53:08,197 - cimage.common.logger - INFO - Code saved successfully
2023-09-12 16:02:31,027 - cimage.common.logger - INFO - Code saved successfully
2023-09-12 16:02:31,809 - cimage.common.logger - INFO - Code saved successfully
2023-09-12 16:03:00,329 - cimage.common.logger - INFO - Code saved successfully
2023-09-12 16:03:04,801 - cimage.common.logger - INFO - Code saved successfully
2023-09-12 16:03:07,537 - cimage.common.logger - INFO - Code saved successfully
2023-09-12 16:03:08,311 - cimage.common.logger - INFO - Code saved successfully
2023-09-12 16:50:20,947 - cimage.common.logger - INFO - Code saved successfully
2023-09-12 16:50:20,976 - cimage.common.logger - INFO - Code saved successfully
2023-09-12 16:50:21,370 - cimage.common.logger - INFO - Code saved successfully
2023-09-12 16:50:22,119 - cimage.common.logger - INFO - Code saved successfully
2023-09-12 16:50:22,323 - cimage.common.logger - INFO - Code saved successfully
2023-09-12 16:50:22,515 - cimage.common.logger - INFO - Code saved successfully
2023-09-12 16:50:43,716 - cimage.common.logger - INFO - Code saved successfully
2023-09-12 20:17:37,795 - cimage.common.logger - INFO - Code saved successfully
2023-09-12 20:17:38,284 - cimage.common.logger - INFO - Code saved successfully
2023-09-12 20:17:38,622 - cimage.common.logger - INFO - Code saved successfully
2023-09-12 20:17:39,974 - cimage.common.logger - INFO - Code saved successfully
2023-09-12 20:17:40,285 - cimage.common.logger - INFO - Code saved successfully
2023-09-12 20:17:40,541 - cimage.common.logger - INFO - Code saved successfully
2023-09-12 20:17:40,797 - cimage.common.logger - INFO - Code saved successfully
2023-09-12 20:17:42,977 - cimage.common.logger - INFO - Code saved successfully
2023-09-12 20:17:43,497 - cimage.common.logger - INFO - Code saved successfully
2023-09-12 20:17:43,716 - cimage.common.logger - INFO - Code saved successfully
2023-09-12 20:17:43,883 - cimage.common.logger - INFO - Code saved successfully
2023-09-12 20:17:44,044 - cimage.common.logger - INFO - Code saved successfully
2023-09-12 20:18:21,638 - cimage.common.logger - INFO - Code saved successfully
2023-09-12 20:18:21,795 - cimage.common.logger - INFO - Code saved successfully
2023-09-12 20:18:21,984 - cimage.common.logger - INFO - Code saved successfully
2023-09-12 20:18:22,164 - cimage.common.logger - INFO - Code saved successfully
2023-09-12 20:18:22,324 - cimage.common.logger - INFO - Code saved successfully
2023-09-12 20:18:22,486 - cimage.common.logger - INFO - Code saved successfully
2023-09-12 20:18:22,654 - cimage.common.logger - INFO - Code saved successfully
2023-09-12 20:18:22,819 - cimage.common.logger - INFO - Code saved successfully
2023-09-12 20:18:23,004 - cimage.common.logger - INFO - Code saved successfully
2023-09-12 20:18:23,164 - cimage.common.logger - INFO - Code saved successfully
2023-09-12 20:18:23,331 - cimage.common.logger - INFO - Code saved successfully
2023-09-12 20:18:23,501 - cimage.common.logger - INFO - Code saved successfully
2023-09-12 20:18:23,668 - cimage.common.logger - INFO - Code saved successfully
2023-09-12 20:18:36,165 - cimage.common.logger - INFO - Code saved successfully
2023-09-12 20:18:36,400 - cimage.common.logger - INFO - Code saved successfully
2023-09-12 20:18:36,608 - cimage.common.logger - INFO - Code saved successfully
2023-09-12 20:18:36,814 - cimage.common.logger - INFO - Code saved successfully
2023-09-12 20:18:37,016 - cimage.common.logger - INFO - Code saved successfully
2023-09-12 20:18:37,223 - cimage.common.logger - INFO - Code saved successfully
2023-09-12 20:18:37,344 - cimage.common.logger - INFO - Code saved successfully
2023-09-12 20:18:37,517 - cimage.common.logger - INFO - Code saved successfully
2023-09-12 20:18:37,694 - cimage.common.logger - INFO - Code saved successfully
2023-09-12 20:18:37,896 - cimage.common.logger - INFO - Code saved successfully
2023-09-12 20:18:38,111 - cimage.common.logger - INFO - Code saved successfully
2023-09-12 20:18:38,233 - cimage.common.logger - INFO - Code saved successfully
2023-09-12 20:18:38,456 - cimage.common.logger - INFO - Code saved successfully
2023-09-12 20:18:38,670 - cimage.common.logger - INFO - Code saved successfully
2023-09-12 20:18:38,896 - cimage.common.logger - INFO - Code saved successfully
2023-09-12 20:18:39,067 - cimage.common.logger - INFO - Code saved successfully
2023-09-12 20:18:39,224 - cimage.common.logger - INFO - Code saved successfully
2023-09-12 20:18:39,466 - cimage.common.logger - INFO - Code saved successfully
